#
# A fatal error has been detected by the Java Runtime Environment:
#
#  Internal Error (classFileParser.cpp:3494), pid=9289, tid=140456615929600
#  Error: ShouldNotReachHere()
#
# JRE version: 6.0_24-b24
# Java VM: OpenJDK 64-Bit Server VM (20.0-b12 mixed mode linux-amd64 compressed oops)
# Derivative: IcedTea6 1.11.11
# Distribution: Scientific Linux release 6.4 rolling (Carbon), package rhel-1.61.1.11.11.el6_4-x86_64
# If you would like to submit a bug report, please include
# instructions how to reproduce the bug and visit:
#   http://icedtea.classpath.org/bugzilla
#

---------------  T H R E A D  ---------------

Current thread (0x00007fbe94009800):  JavaThread "Unknown thread" [_thread_in_vm, id=9294, stack(0x00007fbe9aa2e000,0x00007fbe9ab2f000)]

Stack: [0x00007fbe9aa2e000,0x00007fbe9ab2f000],  sp=0x00007fbe9ab2cff0,  free space=1019k
Native frames: (J=compiled Java code, j=interpreted, Vv=VM code, C=native code)
V  [libjvm.so+0x7a1d64]  JVM_handle_linux_signal+0x12ff54
V  [libjvm.so+0x7a201b]  JVM_handle_linux_signal+0x13020b
V  [libjvm.so+0x3be466]  ftell+0x3be466
V  [libjvm.so+0x3520b3]  ftell+0x3520b3
V  [libjvm.so+0x355081]  ftell+0x355081
V  [libjvm.so+0x73c654]  JVM_handle_linux_signal+0xca844
V  [libjvm.so+0x73cdc4]  JVM_handle_linux_signal+0xcafb4
V  [libjvm.so+0x73d5e3]  JVM_handle_linux_signal+0xcb7d3
V  [libjvm.so+0x73d785]  JVM_handle_linux_signal+0xcb975
V  [libjvm.so+0x73d7f9]  JVM_handle_linux_signal+0xcb9e9
V  [libjvm.so+0x73d900]  JVM_handle_linux_signal+0xcbaf0
V  [libjvm.so+0x77ee7f]  JVM_handle_linux_signal+0x10d06f
V  [libjvm.so+0x77f874]  JVM_handle_linux_signal+0x10da64
V  [libjvm.so+0x47cd8a]  AsyncGetCallTrace+0x6793a
V  [libjvm.so+0x76bbbb]  JVM_handle_linux_signal+0xf9dab
V  [libjvm.so+0x4c4398]  JNI_CreateJavaVM+0x78
C  [java+0x26de]  JavaMain+0x7e


---------------  P R O C E S S  ---------------

Java Threads: ( => current thread )

Other Threads:

=>0x00007fbe94009800 (exited) JavaThread "Unknown thread" [_thread_in_vm, id=9294, stack(0x00007fbe9aa2e000,0x00007fbe9ab2f000)]

VM state:not at safepoint (not fully initialized)

VM Mutex/Monitor currently owned by a thread: None

Dynamic libraries:
00400000-00408000 r-xp 00000000 fd:00 33328                              /usr/lib/jvm/java-1.6.0-openjdk-1.6.0.0.x86_64/bin/java
00608000-00609000 rw-p 00008000 fd:00 33328                              /usr/lib/jvm/java-1.6.0-openjdk-1.6.0.0.x86_64/bin/java
01ad6000-01af7000 rw-p 00000000 00:00 0                                  [heap]
cc000000-cd4c0000 rw-p 00000000 00:00 0 
cd4c0000-d6600000 rw-p 00000000 00:00 0 
d6600000-d7910000 rw-p 00000000 00:00 0 
d7910000-f2200000 rw-p 00000000 00:00 0 
f2200000-f2b80000 rw-p 00000000 00:00 0 
f2b80000-100000000 rw-p 00000000 00:00 0 
3ecbe00000-3ecbe20000 r-xp 00000000 fd:00 420200                         /lib64/ld-2.12.so
3ecc01f000-3ecc020000 r--p 0001f000 fd:00 420200                         /lib64/ld-2.12.so
3ecc020000-3ecc021000 rw-p 00020000 fd:00 420200                         /lib64/ld-2.12.so
3ecc021000-3ecc022000 rw-p 00000000 00:00 0 
3ecc200000-3ecc204000 r-xp 00000000 fd:00 54819                          /usr/lib/jvm/java-1.6.0-openjdk-1.6.0.0.x86_64/jre/lib/amd64/jli/libjli.so
3ecc204000-3ecc403000 ---p 00004000 fd:00 54819                          /usr/lib/jvm/java-1.6.0-openjdk-1.6.0.0.x86_64/jre/lib/amd64/jli/libjli.so
3ecc403000-3ecc404000 rw-p 00003000 fd:00 54819                          /usr/lib/jvm/java-1.6.0-openjdk-1.6.0.0.x86_64/jre/lib/amd64/jli/libjli.so
3ecc600000-3ecc789000 r-xp 00000000 fd:00 420201                         /lib64/libc-2.12.so
3ecc789000-3ecc989000 ---p 00189000 fd:00 420201                         /lib64/libc-2.12.so
3ecc989000-3ecc98d000 r--p 00189000 fd:00 420201                         /lib64/libc-2.12.so
3ecc98d000-3ecc98e000 rw-p 0018d000 fd:00 420201                         /lib64/libc-2.12.so
3ecc98e000-3ecc993000 rw-p 00000000 00:00 0 
3ecca00000-3ecca17000 r-xp 00000000 fd:00 420202                         /lib64/libpthread-2.12.so
3ecca17000-3eccc17000 ---p 00017000 fd:00 420202                         /lib64/libpthread-2.12.so
3eccc17000-3eccc18000 r--p 00017000 fd:00 420202                         /lib64/libpthread-2.12.so
3eccc18000-3eccc19000 rw-p 00018000 fd:00 420202                         /lib64/libpthread-2.12.so
3eccc19000-3eccc1d000 rw-p 00000000 00:00 0 
3ecce00000-3ecce02000 r-xp 00000000 fd:00 420205                         /lib64/libdl-2.12.so
3ecce02000-3ecd002000 ---p 00002000 fd:00 420205                         /lib64/libdl-2.12.so
3ecd002000-3ecd003000 r--p 00002000 fd:00 420205                         /lib64/libdl-2.12.so
3ecd003000-3ecd004000 rw-p 00003000 fd:00 420205                         /lib64/libdl-2.12.so
3ecd200000-3ecd215000 r-xp 00000000 fd:00 420214                         /lib64/libz.so.1.2.3
3ecd215000-3ecd414000 ---p 00015000 fd:00 420214                         /lib64/libz.so.1.2.3
3ecd414000-3ecd415000 r--p 00014000 fd:00 420214                         /lib64/libz.so.1.2.3
3ecd415000-3ecd416000 rw-p 00015000 fd:00 420214                         /lib64/libz.so.1.2.3
3ecd600000-3ecd607000 r-xp 00000000 fd:00 396631                         /lib64/librt-2.12.so
3ecd607000-3ecd806000 ---p 00007000 fd:00 396631                         /lib64/librt-2.12.so
3ecd806000-3ecd807000 r--p 00006000 fd:00 396631                         /lib64/librt-2.12.so
3ecd807000-3ecd808000 rw-p 00007000 fd:00 396631                         /lib64/librt-2.12.so
3ed2a00000-3ed2a16000 r-xp 00000000 fd:00 406525                         /lib64/libgcc_s-4.4.6-20120305.so.1
3ed2a16000-3ed2c15000 ---p 00016000 fd:00 406525                         /lib64/libgcc_s-4.4.6-20120305.so.1
3ed2c15000-3ed2c16000 rw-p 00015000 fd:00 406525                         /lib64/libgcc_s-4.4.6-20120305.so.1
3ed3200000-3ed32e8000 r-xp 00000000 fd:00 420222                         /usr/lib64/libstdc++.so.6.0.13
3ed32e8000-3ed34e8000 ---p 000e8000 fd:00 420222                         /usr/lib64/libstdc++.so.6.0.13
3ed34e8000-3ed34ef000 r--p 000e8000 fd:00 420222                         /usr/lib64/libstdc++.so.6.0.13
3ed34ef000-3ed34f1000 rw-p 000ef000 fd:00 420222                         /usr/lib64/libstdc++.so.6.0.13
3ed34f1000-3ed3506000 rw-p 00000000 00:00 0 
3edd400000-3edd416000 r-xp 00000000 fd:00 406785                         /lib64/libnsl-2.12.so
3edd416000-3edd615000 ---p 00016000 fd:00 406785                         /lib64/libnsl-2.12.so
3edd615000-3edd616000 r--p 00015000 fd:00 406785                         /lib64/libnsl-2.12.so
3edd616000-3edd617000 rw-p 00016000 fd:00 406785                         /lib64/libnsl-2.12.so
3edd617000-3edd619000 rw-p 00000000 00:00 0 
7fbe84000000-7fbe84021000 rw-p 00000000 00:00 0 
7fbe84021000-7fbe88000000 ---p 00000000 00:00 0 
7fbe8c000000-7fbe8c021000 rw-p 00000000 00:00 0 
7fbe8c021000-7fbe90000000 ---p 00000000 00:00 0 
7fbe91000000-7fbe91270000 rwxp 00000000 00:00 0 
7fbe91270000-7fbe9407d000 rw-p 00000000 00:00 0 
7fbe9407d000-7fbe98000000 ---p 00000000 00:00 0 
7fbe98cb0000-7fbe98d76000 r--s 0116f000 fd:02 1187331                    /home/emmanuel/adt-bundle-linux-x86_64/sdk/platforms/android-17/android.jar
7fbe98d76000-7fbe98d9e000 rw-p 00000000 00:00 0 
7fbe98d9e000-7fbe98d9f000 ---p 00000000 00:00 0 
7fbe98d9f000-7fbe98e9f000 rw-p 00000000 00:00 0 
7fbe98e9f000-7fbe98ea0000 ---p 00000000 00:00 0 
7fbe98ea0000-7fbe98fab000 rw-p 00000000 00:00 0 
7fbe98fab000-7fbe98ff3000 rw-p 00000000 00:00 0 
7fbe98ff3000-7fbe98ffd000 rw-p 00000000 00:00 0 
7fbe98ffd000-7fbe990d1000 rw-p 00000000 00:00 0 
7fbe990d1000-7fbe990dc000 rw-p 00000000 00:00 0 
7fbe990dc000-7fbe99124000 rw-p 00000000 00:00 0 
7fbe99124000-7fbe9912e000 rw-p 00000000 00:00 0 
7fbe9912e000-7fbe99202000 rw-p 00000000 00:00 0 
7fbe99202000-7fbe99207000 rw-p 00000000 00:00 0 
7fbe99207000-7fbe99271000 rw-p 00000000 00:00 0 
7fbe99271000-7fbe9927c000 rw-p 00000000 00:00 0 
7fbe9927c000-7fbe99332000 rw-p 00000000 00:00 0 
7fbe99332000-7fbe99339000 r-xp 00000000 fd:00 60892                      /usr/lib/jvm/java-1.6.0-openjdk-1.6.0.0.x86_64/jre/lib/amd64/libzip.so
7fbe99339000-7fbe99538000 ---p 00007000 fd:00 60892                      /usr/lib/jvm/java-1.6.0-openjdk-1.6.0.0.x86_64/jre/lib/amd64/libzip.so
7fbe99538000-7fbe99539000 rw-p 00006000 fd:00 60892                      /usr/lib/jvm/java-1.6.0-openjdk-1.6.0.0.x86_64/jre/lib/amd64/libzip.so
7fbe99539000-7fbe99545000 r-xp 00000000 fd:00 396623                     /lib64/libnss_files-2.12.so
7fbe99545000-7fbe99745000 ---p 0000c000 fd:00 396623                     /lib64/libnss_files-2.12.so
7fbe99745000-7fbe99746000 r--p 0000c000 fd:00 396623                     /lib64/libnss_files-2.12.so
7fbe99746000-7fbe99747000 rw-p 0000d000 fd:00 396623                     /lib64/libnss_files-2.12.so
7fbe9975b000-7fbe99763000 rw-s 00000000 fd:00 1180038                    /tmp/hsperfdata_emmanuel/9289
7fbe99763000-7fbe9978e000 r-xp 00000000 fd:00 60872                      /usr/lib/jvm/java-1.6.0-openjdk-1.6.0.0.x86_64/jre/lib/amd64/libjava.so
7fbe9978e000-7fbe9998e000 ---p 0002b000 fd:00 60872                      /usr/lib/jvm/java-1.6.0-openjdk-1.6.0.0.x86_64/jre/lib/amd64/libjava.so
7fbe9998e000-7fbe99992000 rw-p 0002b000 fd:00 60872                      /usr/lib/jvm/java-1.6.0-openjdk-1.6.0.0.x86_64/jre/lib/amd64/libjava.so
7fbe99992000-7fbe999a0000 r-xp 00000000 fd:00 60891                      /usr/lib/jvm/java-1.6.0-openjdk-1.6.0.0.x86_64/jre/lib/amd64/libverify.so
7fbe999a0000-7fbe99b9f000 ---p 0000e000 fd:00 60891                      /usr/lib/jvm/java-1.6.0-openjdk-1.6.0.0.x86_64/jre/lib/amd64/libverify.so
7fbe99b9f000-7fbe99ba1000 rw-p 0000d000 fd:00 60891                      /usr/lib/jvm/java-1.6.0-openjdk-1.6.0.0.x86_64/jre/lib/amd64/libverify.so
7fbe99ba1000-7fbe99c24000 r-xp 00000000 fd:00 419633                     /lib64/libm-2.12.so
7fbe99c24000-7fbe99e23000 ---p 00083000 fd:00 419633                     /lib64/libm-2.12.so
7fbe99e23000-7fbe99e24000 r--p 00082000 fd:00 419633                     /lib64/libm-2.12.so
7fbe99e24000-7fbe99e25000 rw-p 00083000 fd:00 419633                     /lib64/libm-2.12.so
7fbe99e25000-7fbe9a749000 r-xp 00000000 fd:00 60896                      /usr/lib/jvm/java-1.6.0-openjdk-1.6.0.0.x86_64/jre/lib/amd64/server/libjvm.so
7fbe9a749000-7fbe9a949000 ---p 00924000 fd:00 60896                      /usr/lib/jvm/java-1.6.0-openjdk-1.6.0.0.x86_64/jre/lib/amd64/server/libjvm.so
7fbe9a949000-7fbe9a9e4000 rw-p 00924000 fd:00 60896                      /usr/lib/jvm/java-1.6.0-openjdk-1.6.0.0.x86_64/jre/lib/amd64/server/libjvm.so
7fbe9a9e4000-7fbe9aa11000 rw-p 00000000 00:00 0 
7fbe9aa2b000-7fbe9aa2c000 rw-p 00000000 00:00 0 
7fbe9aa2c000-7fbe9aa2d000 r--p 00000000 00:00 0 
7fbe9aa2d000-7fbe9aa2e000 rw-p 00000000 00:00 0 
7fbe9aa2e000-7fbe9aa31000 ---p 00000000 00:00 0 
7fbe9aa31000-7fbe9ab2f000 rw-p 00000000 00:00 0 
7fffc30de000-7fffc30f4000 rw-p 00000000 00:00 0                          [stack]
7fffc3165000-7fffc3166000 r-xp 00000000 00:00 0                          [vdso]
ffffffffff600000-ffffffffff601000 r-xp 00000000 00:00 0                  [vsyscall]

VM Arguments:
jvm_args: -Dfile.encoding=UTF-8 -Xbootclasspath:/home/emmanuel/adt-bundle-linux-x86_64/sdk/platforms/android-17/android.jar:/home/emmanuel/adt-bundle-linux-x86_64/sdk/add-ons/addon-google_apis-google-17/libs/effects.jar:/home/emmanuel/adt-bundle-linux-x86_64/sdk/add-ons/addon-google_apis-google-17/libs/usb.jar:/home/emmanuel/adt-bundle-linux-x86_64/sdk/add-ons/addon-google_apis-google-17/libs/maps.jar 
java_command: com.example.testencryption.ServerParser
Launcher Type: SUN_STANDARD

Environment Variables:
PATH=/usr/lib64/qt-3.3/bin:/usr/local/bin:/usr/bin:/bin:/usr/local/sbin:/usr/sbin:/sbin:/home/emmanuel/adt-bundle-linux-x86_64/eclipse:/home/emmanuel/adt-bundle-linux-x86_64/sdk/platform-tools:/home/emmanuel/adt-bundle-linux-x86_64/sdk/tools:/home/emmanuel/bin
USERNAME=emmanuel
LD_LIBRARY_PATH=/usr/lib/jvm/java-1.6.0-openjdk-1.6.0.0.x86_64/jre/lib/amd64/server:/usr/lib/jvm/java-1.6.0-openjdk-1.6.0.0.x86_64/jre/lib/amd64:/usr/lib/jvm/java-1.6.0-openjdk-1.6.0.0.x86_64/jre/../lib/amd64
SHELL=/bin/bash
DISPLAY=:0.0

Signal Handlers:
SIGSEGV: [libjvm.so+0x7a2a70], sa_mask[0]=0x7ffbfeff, sa_flags=0x10000004
SIGBUS: [libjvm.so+0x7a2a70], sa_mask[0]=0x7ffbfeff, sa_flags=0x10000004
SIGFPE: [libjvm.so+0x66c150], sa_mask[0]=0x7ffbfeff, sa_flags=0x10000004
SIGPIPE: [libjvm.so+0x66c150], sa_mask[0]=0x7ffbfeff, sa_flags=0x10000004
SIGXFSZ: [libjvm.so+0x66c150], sa_mask[0]=0x7ffbfeff, sa_flags=0x10000004
SIGILL: [libjvm.so+0x66c150], sa_mask[0]=0x7ffbfeff, sa_flags=0x10000004
SIGUSR1: SIG_DFL, sa_mask[0]=0x00000000, sa_flags=0x00000000
SIGUSR2: [libjvm.so+0x66b970], sa_mask[0]=0x00000004, sa_flags=0x10000004
SIGHUP: SIG_DFL, sa_mask[0]=0x00000000, sa_flags=0x00000000
SIGINT: SIG_DFL, sa_mask[0]=0x00000000, sa_flags=0x00000000
SIGTERM: SIG_DFL, sa_mask[0]=0x00000000, sa_flags=0x00000000
SIGQUIT: SIG_DFL, sa_mask[0]=0x00000000, sa_flags=0x00000000


---------------  S Y S T E M  ---------------

OS:Scientific Linux release 6.3 (Carbon)

uname:Linux 2.6.32-358.11.1.el6.x86_64 #1 SMP Tue Jun 11 17:23:30 CDT 2013 x86_64
libc:glibc 2.12 NPTL 2.12 
rlimit: STACK 10240k, CORE 0k, NPROC 1024, NOFILE 4096, AS infinity
load average:0.07 0.04 0.10

/proc/meminfo:
MemTotal:        1869612 kB
MemFree:           71172 kB
Buffers:            6892 kB
Cached:           139572 kB
SwapCached:        28644 kB
Active:          1203004 kB
Inactive:         438900 kB
Active(anon):    1158692 kB
Inactive(anon):   385660 kB
Active(file):      44312 kB
Inactive(file):    53240 kB
Unevictable:           0 kB
Mlocked:               0 kB
SwapTotal:       4030456 kB
SwapFree:        3652576 kB
Dirty:              1312 kB
Writeback:             0 kB
AnonPages:       1478168 kB
Mapped:            48932 kB
Shmem:             48792 kB
Slab:              87184 kB
SReclaimable:      18476 kB
SUnreclaim:        68708 kB
KernelStack:        3032 kB
PageTables:        31948 kB
NFS_Unstable:          0 kB
Bounce:                0 kB
WritebackTmp:          0 kB
CommitLimit:     4965260 kB
Committed_AS:    2683816 kB
VmallocTotal:   34359738367 kB
VmallocUsed:      550804 kB
VmallocChunk:   34359127356 kB
HardwareCorrupted:     0 kB
AnonHugePages:    161792 kB
HugePages_Total:       0
HugePages_Free:        0
HugePages_Rsvd:        0
HugePages_Surp:        0
Hugepagesize:       2048 kB
DirectMap4k:       10236 kB
DirectMap2M:     2033664 kB


CPU:total 2 (2 cores per cpu, 1 threads per core) family 6 model 15 stepping 13, cmov, cx8, fxsr, mmx, sse, sse2, sse3, ssse3

Memory: 4k page, physical 1869612k(71172k free), swap 4030456k(3652576k free)

vm_info: OpenJDK 64-Bit Server VM (20.0-b12) for linux-amd64 JRE (1.6.0_24-b24), built on Apr 24 2013 14:25:28 by "mockbuild" with gcc 4.4.7 20120313 (Red Hat 4.4.7-3)

time: Wed Jun 26 15:47:58 2013
elapsed time: 0 seconds

