#
# A fatal error has been detected by the Java Runtime Environment:
#
#  Internal Error (classFileParser.cpp:3494), pid=3025, tid=139669761443584
#  Error: ShouldNotReachHere()
#
# JRE version: 6.0_24-b24
# Java VM: OpenJDK 64-Bit Server VM (20.0-b12 mixed mode linux-amd64 compressed oops)
# Derivative: IcedTea6 1.11.11
# Distribution: Scientific Linux release 6.4 rolling (Carbon), package rhel-1.61.1.11.11.el6_4-x86_64
# If you would like to submit a bug report, please include
# instructions how to reproduce the bug and visit:
#   http://icedtea.classpath.org/bugzilla
#

---------------  T H R E A D  ---------------

Current thread (0x00007f0760008000):  JavaThread "Unknown thread" [_thread_in_vm, id=3026, stack(0x00007f0766744000,0x00007f0766845000)]

Stack: [0x00007f0766744000,0x00007f0766845000],  sp=0x00007f0766842ff0,  free space=1019k
Native frames: (J=compiled Java code, j=interpreted, Vv=VM code, C=native code)
V  [libjvm.so+0x7a1d64]  JVM_handle_linux_signal+0x12ff54
V  [libjvm.so+0x7a201b]  JVM_handle_linux_signal+0x13020b
V  [libjvm.so+0x3be466]  ftell+0x3be466
V  [libjvm.so+0x3520b3]  ftell+0x3520b3
V  [libjvm.so+0x355081]  ftell+0x355081
V  [libjvm.so+0x73c654]  JVM_handle_linux_signal+0xca844
V  [libjvm.so+0x73cdc4]  JVM_handle_linux_signal+0xcafb4
V  [libjvm.so+0x73d5e3]  JVM_handle_linux_signal+0xcb7d3
V  [libjvm.so+0x73d785]  JVM_handle_linux_signal+0xcb975
V  [libjvm.so+0x73d7f9]  JVM_handle_linux_signal+0xcb9e9
V  [libjvm.so+0x73d900]  JVM_handle_linux_signal+0xcbaf0
V  [libjvm.so+0x77ee7f]  JVM_handle_linux_signal+0x10d06f
V  [libjvm.so+0x77f874]  JVM_handle_linux_signal+0x10da64
V  [libjvm.so+0x47cd8a]  AsyncGetCallTrace+0x6793a
V  [libjvm.so+0x76bbbb]  JVM_handle_linux_signal+0xf9dab
V  [libjvm.so+0x4c4398]  JNI_CreateJavaVM+0x78
C  [java+0x26de]  JavaMain+0x7e


---------------  P R O C E S S  ---------------

Java Threads: ( => current thread )

Other Threads:

=>0x00007f0760008000 (exited) JavaThread "Unknown thread" [_thread_in_vm, id=3026, stack(0x00007f0766744000,0x00007f0766845000)]

VM state:not at safepoint (not fully initialized)

VM Mutex/Monitor currently owned by a thread: None

Dynamic libraries:
00400000-00408000 r-xp 00000000 fd:00 33328                              /usr/lib/jvm/java-1.6.0-openjdk-1.6.0.0.x86_64/bin/java
00608000-00609000 rw-p 00008000 fd:00 33328                              /usr/lib/jvm/java-1.6.0-openjdk-1.6.0.0.x86_64/bin/java
00d2f000-00d50000 rw-p 00000000 00:00 0                                  [heap]
cc000000-cd4c0000 rw-p 00000000 00:00 0 
cd4c0000-d6600000 rw-p 00000000 00:00 0 
d6600000-d7910000 rw-p 00000000 00:00 0 
d7910000-f2200000 rw-p 00000000 00:00 0 
f2200000-f2b80000 rw-p 00000000 00:00 0 
f2b80000-100000000 rw-p 00000000 00:00 0 
3ecbe00000-3ecbe20000 r-xp 00000000 fd:00 420200                         /lib64/ld-2.12.so
3ecc01f000-3ecc020000 r--p 0001f000 fd:00 420200                         /lib64/ld-2.12.so
3ecc020000-3ecc021000 rw-p 00020000 fd:00 420200                         /lib64/ld-2.12.so
3ecc021000-3ecc022000 rw-p 00000000 00:00 0 
3ecc200000-3ecc204000 r-xp 00000000 fd:00 54819                          /usr/lib/jvm/java-1.6.0-openjdk-1.6.0.0.x86_64/jre/lib/amd64/jli/libjli.so
3ecc204000-3ecc403000 ---p 00004000 fd:00 54819                          /usr/lib/jvm/java-1.6.0-openjdk-1.6.0.0.x86_64/jre/lib/amd64/jli/libjli.so
3ecc403000-3ecc404000 rw-p 00003000 fd:00 54819                          /usr/lib/jvm/java-1.6.0-openjdk-1.6.0.0.x86_64/jre/lib/amd64/jli/libjli.so
3ecc600000-3ecc789000 r-xp 00000000 fd:00 420201                         /lib64/libc-2.12.so
3ecc789000-3ecc989000 ---p 00189000 fd:00 420201                         /lib64/libc-2.12.so
3ecc989000-3ecc98d000 r--p 00189000 fd:00 420201                         /lib64/libc-2.12.so
3ecc98d000-3ecc98e000 rw-p 0018d000 fd:00 420201                         /lib64/libc-2.12.so
3ecc98e000-3ecc993000 rw-p 00000000 00:00 0 
3ecca00000-3ecca17000 r-xp 00000000 fd:00 420202                         /lib64/libpthread-2.12.so
3ecca17000-3eccc17000 ---p 00017000 fd:00 420202                         /lib64/libpthread-2.12.so
3eccc17000-3eccc18000 r--p 00017000 fd:00 420202                         /lib64/libpthread-2.12.so
3eccc18000-3eccc19000 rw-p 00018000 fd:00 420202                         /lib64/libpthread-2.12.so
3eccc19000-3eccc1d000 rw-p 00000000 00:00 0 
3ecce00000-3ecce02000 r-xp 00000000 fd:00 420205                         /lib64/libdl-2.12.so
3ecce02000-3ecd002000 ---p 00002000 fd:00 420205                         /lib64/libdl-2.12.so
3ecd002000-3ecd003000 r--p 00002000 fd:00 420205                         /lib64/libdl-2.12.so
3ecd003000-3ecd004000 rw-p 00003000 fd:00 420205                         /lib64/libdl-2.12.so
3ecd200000-3ecd215000 r-xp 00000000 fd:00 420214                         /lib64/libz.so.1.2.3
3ecd215000-3ecd414000 ---p 00015000 fd:00 420214                         /lib64/libz.so.1.2.3
3ecd414000-3ecd415000 r--p 00014000 fd:00 420214                         /lib64/libz.so.1.2.3
3ecd415000-3ecd416000 rw-p 00015000 fd:00 420214                         /lib64/libz.so.1.2.3
3ecd600000-3ecd607000 r-xp 00000000 fd:00 396631                         /lib64/librt-2.12.so
3ecd607000-3ecd806000 ---p 00007000 fd:00 396631                         /lib64/librt-2.12.so
3ecd806000-3ecd807000 r--p 00006000 fd:00 396631                         /lib64/librt-2.12.so
3ecd807000-3ecd808000 rw-p 00007000 fd:00 396631                         /lib64/librt-2.12.so
3ed2a00000-3ed2a16000 r-xp 00000000 fd:00 406525                         /lib64/libgcc_s-4.4.6-20120305.so.1
3ed2a16000-3ed2c15000 ---p 00016000 fd:00 406525                         /lib64/libgcc_s-4.4.6-20120305.so.1
3ed2c15000-3ed2c16000 rw-p 00015000 fd:00 406525                         /lib64/libgcc_s-4.4.6-20120305.so.1
3ed3200000-3ed32e8000 r-xp 00000000 fd:00 420222                         /usr/lib64/libstdc++.so.6.0.13
3ed32e8000-3ed34e8000 ---p 000e8000 fd:00 420222                         /usr/lib64/libstdc++.so.6.0.13
3ed34e8000-3ed34ef000 r--p 000e8000 fd:00 420222                         /usr/lib64/libstdc++.so.6.0.13
3ed34ef000-3ed34f1000 rw-p 000ef000 fd:00 420222                         /usr/lib64/libstdc++.so.6.0.13
3ed34f1000-3ed3506000 rw-p 00000000 00:00 0 
3edd400000-3edd416000 r-xp 00000000 fd:00 406785                         /lib64/libnsl-2.12.so
3edd416000-3edd615000 ---p 00016000 fd:00 406785                         /lib64/libnsl-2.12.so
3edd615000-3edd616000 r--p 00015000 fd:00 406785                         /lib64/libnsl-2.12.so
3edd616000-3edd617000 rw-p 00016000 fd:00 406785                         /lib64/libnsl-2.12.so
3edd617000-3edd619000 rw-p 00000000 00:00 0 
7f0750000000-7f0750021000 rw-p 00000000 00:00 0 
7f0750021000-7f0754000000 ---p 00000000 00:00 0 
7f0758000000-7f0758021000 rw-p 00000000 00:00 0 
7f0758021000-7f075c000000 ---p 00000000 00:00 0 
7f075d000000-7f075d270000 rwxp 00000000 00:00 0 
7f075d270000-7f076007b000 rw-p 00000000 00:00 0 
7f076007b000-7f0764000000 ---p 00000000 00:00 0 
7f0765853000-7f0765919000 r--s 0116f000 fd:02 1187331                    /home/emmanuel/adt-bundle-linux-x86_64/sdk/platforms/android-17/android.jar
7f0765919000-7f0765941000 rw-p 00000000 00:00 0 
7f0765941000-7f0765942000 ---p 00000000 00:00 0 
7f0765942000-7f0765a42000 rw-p 00000000 00:00 0 
7f0765a42000-7f0765a43000 ---p 00000000 00:00 0 
7f0765a43000-7f0765b4e000 rw-p 00000000 00:00 0 
7f0765b4e000-7f0765b96000 rw-p 00000000 00:00 0 
7f0765b96000-7f0765ba0000 rw-p 00000000 00:00 0 
7f0765ba0000-7f0765c74000 rw-p 00000000 00:00 0 
7f0765c74000-7f0765c7f000 rw-p 00000000 00:00 0 
7f0765c7f000-7f0765cc7000 rw-p 00000000 00:00 0 
7f0765cc7000-7f0765cd1000 rw-p 00000000 00:00 0 
7f0765cd1000-7f0765da5000 rw-p 00000000 00:00 0 
7f0765da5000-7f0765daa000 rw-p 00000000 00:00 0 
7f0765daa000-7f0765e14000 rw-p 00000000 00:00 0 
7f0765e14000-7f0765e1f000 rw-p 00000000 00:00 0 
7f0765e1f000-7f0765ed5000 rw-p 00000000 00:00 0 
7f0765ed5000-7f0765edc000 r-xp 00000000 fd:00 60892                      /usr/lib/jvm/java-1.6.0-openjdk-1.6.0.0.x86_64/jre/lib/amd64/libzip.so
7f0765edc000-7f07660db000 ---p 00007000 fd:00 60892                      /usr/lib/jvm/java-1.6.0-openjdk-1.6.0.0.x86_64/jre/lib/amd64/libzip.so
7f07660db000-7f07660dc000 rw-p 00006000 fd:00 60892                      /usr/lib/jvm/java-1.6.0-openjdk-1.6.0.0.x86_64/jre/lib/amd64/libzip.so
7f07660dc000-7f07660e8000 r-xp 00000000 fd:00 396623                     /lib64/libnss_files-2.12.so
7f07660e8000-7f07662e8000 ---p 0000c000 fd:00 396623                     /lib64/libnss_files-2.12.so
7f07662e8000-7f07662e9000 r--p 0000c000 fd:00 396623                     /lib64/libnss_files-2.12.so
7f07662e9000-7f07662ea000 rw-p 0000d000 fd:00 396623                     /lib64/libnss_files-2.12.so
7f0766306000-7f0766331000 r-xp 00000000 fd:00 60872                      /usr/lib/jvm/java-1.6.0-openjdk-1.6.0.0.x86_64/jre/lib/amd64/libjava.so
7f0766331000-7f0766531000 ---p 0002b000 fd:00 60872                      /usr/lib/jvm/java-1.6.0-openjdk-1.6.0.0.x86_64/jre/lib/amd64/libjava.so
7f0766531000-7f0766535000 rw-p 0002b000 fd:00 60872                      /usr/lib/jvm/java-1.6.0-openjdk-1.6.0.0.x86_64/jre/lib/amd64/libjava.so
7f0766535000-7f0766543000 r-xp 00000000 fd:00 60891                      /usr/lib/jvm/java-1.6.0-openjdk-1.6.0.0.x86_64/jre/lib/amd64/libverify.so
7f0766543000-7f0766742000 ---p 0000e000 fd:00 60891                      /usr/lib/jvm/java-1.6.0-openjdk-1.6.0.0.x86_64/jre/lib/amd64/libverify.so
7f0766742000-7f0766744000 rw-p 0000d000 fd:00 60891                      /usr/lib/jvm/java-1.6.0-openjdk-1.6.0.0.x86_64/jre/lib/amd64/libverify.so
7f0766744000-7f0766747000 ---p 00000000 00:00 0 
7f0766747000-7f0766845000 rw-p 00000000 00:00 0 
7f0766845000-7f07668c8000 r-xp 00000000 fd:00 419633                     /lib64/libm-2.12.so
7f07668c8000-7f0766ac7000 ---p 00083000 fd:00 419633                     /lib64/libm-2.12.so
7f0766ac7000-7f0766ac8000 r--p 00082000 fd:00 419633                     /lib64/libm-2.12.so
7f0766ac8000-7f0766ac9000 rw-p 00083000 fd:00 419633                     /lib64/libm-2.12.so
7f0766ac9000-7f07673ed000 r-xp 00000000 fd:00 60896                      /usr/lib/jvm/java-1.6.0-openjdk-1.6.0.0.x86_64/jre/lib/amd64/server/libjvm.so
7f07673ed000-7f07675ed000 ---p 00924000 fd:00 60896                      /usr/lib/jvm/java-1.6.0-openjdk-1.6.0.0.x86_64/jre/lib/amd64/server/libjvm.so
7f07675ed000-7f0767688000 rw-p 00924000 fd:00 60896                      /usr/lib/jvm/java-1.6.0-openjdk-1.6.0.0.x86_64/jre/lib/amd64/server/libjvm.so
7f0767688000-7f07676b5000 rw-p 00000000 00:00 0 
7f07676c7000-7f07676cf000 rw-s 00000000 fd:00 790775                     /tmp/hsperfdata_emmanuel/3025
7f07676cf000-7f07676d0000 rw-p 00000000 00:00 0 
7f07676d0000-7f07676d1000 r--p 00000000 00:00 0 
7f07676d1000-7f07676d2000 rw-p 00000000 00:00 0 
7fffc6cb8000-7fffc6cce000 rw-p 00000000 00:00 0                          [stack]
7fffc6dff000-7fffc6e00000 r-xp 00000000 00:00 0                          [vdso]
ffffffffff600000-ffffffffff601000 r-xp 00000000 00:00 0                  [vsyscall]

VM Arguments:
jvm_args: -Dfile.encoding=UTF-8 -Xbootclasspath:/home/emmanuel/adt-bundle-linux-x86_64/sdk/platforms/android-17/android.jar 
java_command: com.example.testencryption.CipherAlgo
Launcher Type: SUN_STANDARD

Environment Variables:
PATH=/usr/lib64/qt-3.3/bin:/usr/local/bin:/usr/bin:/bin:/usr/local/sbin:/usr/sbin:/sbin:/home/emmanuel/adt-bundle-linux-x86_64/eclipse:/home/emmanuel/adt-bundle-linux-x86_64/sdk/platform-tools:/home/emmanuel/adt-bundle-linux-x86_64/sdk/tools:/home/emmanuel/bin
USERNAME=emmanuel
LD_LIBRARY_PATH=/usr/lib/jvm/java-1.6.0-openjdk-1.6.0.0.x86_64/jre/lib/amd64/server:/usr/lib/jvm/java-1.6.0-openjdk-1.6.0.0.x86_64/jre/lib/amd64:/usr/lib/jvm/java-1.6.0-openjdk-1.6.0.0.x86_64/jre/../lib/amd64
SHELL=/bin/bash
DISPLAY=:0.0

Signal Handlers:
SIGSEGV: [libjvm.so+0x7a2a70], sa_mask[0]=0x7ffbfeff, sa_flags=0x10000004
SIGBUS: [libjvm.so+0x7a2a70], sa_mask[0]=0x7ffbfeff, sa_flags=0x10000004
SIGFPE: [libjvm.so+0x66c150], sa_mask[0]=0x7ffbfeff, sa_flags=0x10000004
SIGPIPE: [libjvm.so+0x66c150], sa_mask[0]=0x7ffbfeff, sa_flags=0x10000004
SIGXFSZ: [libjvm.so+0x66c150], sa_mask[0]=0x7ffbfeff, sa_flags=0x10000004
SIGILL: [libjvm.so+0x66c150], sa_mask[0]=0x7ffbfeff, sa_flags=0x10000004
SIGUSR1: SIG_DFL, sa_mask[0]=0x00000000, sa_flags=0x00000000
SIGUSR2: [libjvm.so+0x66b970], sa_mask[0]=0x00000004, sa_flags=0x10000004
SIGHUP: SIG_DFL, sa_mask[0]=0x00000000, sa_flags=0x00000000
SIGINT: SIG_DFL, sa_mask[0]=0x00000000, sa_flags=0x00000000
SIGTERM: SIG_DFL, sa_mask[0]=0x00000000, sa_flags=0x00000000
SIGQUIT: SIG_DFL, sa_mask[0]=0x00000000, sa_flags=0x00000000


---------------  S Y S T E M  ---------------

OS:Scientific Linux release 6.3 (Carbon)

uname:Linux 2.6.32-358.6.2.el6.x86_64 #1 SMP Thu May 16 11:21:38 CDT 2013 x86_64
libc:glibc 2.12 NPTL 2.12 
rlimit: STACK 10240k, CORE 0k, NPROC 1024, NOFILE 4096, AS infinity
load average:0.15 0.17 0.20

/proc/meminfo:
MemTotal:        1869612 kB
MemFree:          105840 kB
Buffers:           38680 kB
Cached:           434176 kB
SwapCached:            0 kB
Active:          1067084 kB
Inactive:         525236 kB
Active(anon):     889872 kB
Inactive(anon):   298780 kB
Active(file):     177212 kB
Inactive(file):   226456 kB
Unevictable:           0 kB
Mlocked:               0 kB
SwapTotal:       4030456 kB
SwapFree:        4030456 kB
Dirty:              4316 kB
Writeback:             0 kB
AnonPages:       1115468 kB
Mapped:           115636 kB
Shmem:             69116 kB
Slab:             103768 kB
SReclaimable:      36496 kB
SUnreclaim:        67272 kB
KernelStack:        2896 kB
PageTables:        30460 kB
NFS_Unstable:          0 kB
Bounce:                0 kB
WritebackTmp:          0 kB
CommitLimit:     4965260 kB
Committed_AS:    2137348 kB
VmallocTotal:   34359738367 kB
VmallocUsed:      550828 kB
VmallocChunk:   34359124768 kB
HardwareCorrupted:     0 kB
AnonHugePages:    544768 kB
HugePages_Total:       0
HugePages_Free:        0
HugePages_Rsvd:        0
HugePages_Surp:        0
Hugepagesize:       2048 kB
DirectMap4k:       10236 kB
DirectMap2M:     2033664 kB


CPU:total 2 (2 cores per cpu, 1 threads per core) family 6 model 15 stepping 13, cmov, cx8, fxsr, mmx, sse, sse2, sse3, ssse3

Memory: 4k page, physical 1869612k(105840k free), swap 4030456k(4030456k free)

vm_info: OpenJDK 64-Bit Server VM (20.0-b12) for linux-amd64 JRE (1.6.0_24-b24), built on Apr 24 2013 14:25:28 by "mockbuild" with gcc 4.4.7 20120313 (Red Hat 4.4.7-3)

time: Fri Jun  7 09:08:15 2013
elapsed time: 0 seconds

