#
# A fatal error has been detected by the Java Runtime Environment:
#
#  Internal Error (javaClasses.cpp:129), pid=6504, tid=3228
#  fatal error: Invalid layout of preloaded class
#
# JRE version: 7.0_07-b11
# Java VM: Java HotSpot(TM) 64-Bit Server VM (23.3-b01 mixed mode windows-amd64 compressed oops)
# Failed to write core dump. Minidumps are not enabled by default on client versions of Windows
#
# If you would like to submit a bug report, please visit:
#   http://bugreport.sun.com/bugreport/crash.jsp
#

---------------  T H R E A D  ---------------

Current thread (0x00000000021ee800):  JavaThread "Unknown thread" [_thread_in_vm, id=3228, stack(0x00000000023f0000,0x00000000024f0000)]

Stack: [0x00000000023f0000,0x00000000024f0000]

---------------  P R O C E S S  ---------------

Java Threads: ( => current thread )

Other Threads:

=>0x00000000021ee800 (exited) JavaThread "Unknown thread" [_thread_in_vm, id=3228, stack(0x00000000023f0000,0x00000000024f0000)]

VM state:not at safepoint (not fully initialized)

VM Mutex/Monitor currently owned by a thread: None

GC Heap History (0 events):
No events

Deoptimization events (0 events):
No events

Internal exceptions (0 events):
No events

Events (10 events):
Event: 0.014 loading class 0x00000000020e2090 done
Event: 0.014 loading class 0x00000000020a44b0 done
Event: 0.014 loading class 0x00000000020a4480
Event: 0.014 loading class 0x000000000213e350
Event: 0.014 loading class 0x000000000213e350 done
Event: 0.014 loading class 0x000000000213e390
Event: 0.014 loading class 0x000000000213e390 done
Event: 0.014 loading class 0x000000000aebc140
Event: 0.014 loading class 0x000000000aebc140 done
Event: 0.015 loading class 0x00000000020a4480 done


Dynamic libraries:
0x000000013f7e0000 - 0x000000013f814000 	C:\Program Files\Java\jre7\bin\javaw.exe
0x0000000076d60000 - 0x0000000076f09000 	C:\Windows\SYSTEM32\ntdll.dll
0x0000000076c40000 - 0x0000000076d5f000 	C:\Windows\system32\kernel32.dll
0x000007fefcd20000 - 0x000007fefcd8b000 	C:\Windows\system32\KERNELBASE.dll
0x000007fefd9d0000 - 0x000007fefdaab000 	C:\Windows\system32\ADVAPI32.dll
0x000007fefeb60000 - 0x000007fefebff000 	C:\Windows\system32\msvcrt.dll
0x000007fefd8d0000 - 0x000007fefd8ef000 	C:\Windows\SYSTEM32\sechost.dll
0x000007fefec00000 - 0x000007fefed2d000 	C:\Windows\system32\RPCRT4.dll
0x0000000076b40000 - 0x0000000076c3a000 	C:\Windows\system32\USER32.dll
0x000007fefd860000 - 0x000007fefd8c7000 	C:\Windows\system32\GDI32.dll
0x000007fefea90000 - 0x000007fefea9e000 	C:\Windows\system32\LPK.dll
0x000007fefefa0000 - 0x000007feff069000 	C:\Windows\system32\USP10.dll
0x000007fefb1e0000 - 0x000007fefb3d4000 	C:\Windows\WinSxS\amd64_microsoft.windows.common-controls_6595b64144ccf1df_6.0.7601.17514_none_fa396087175ac9ac\COMCTL32.dll
0x000007fefeae0000 - 0x000007fefeb51000 	C:\Windows\system32\SHLWAPI.dll
0x000007fefeab0000 - 0x000007fefeade000 	C:\Windows\system32\IMM32.DLL
0x000007fefee90000 - 0x000007fefef99000 	C:\Windows\system32\MSCTF.dll
0x0000000073ea0000 - 0x0000000073f71000 	C:\Program Files\Java\jre7\bin\msvcr100.dll
0x000000006f0f0000 - 0x000000006f80f000 	C:\Program Files\Java\jre7\bin\server\jvm.dll
0x000007fef7140000 - 0x000007fef7149000 	C:\Windows\system32\WSOCK32.dll
0x000007fefe840000 - 0x000007fefe88d000 	C:\Windows\system32\WS2_32.dll
0x000007fefeaa0000 - 0x000007fefeaa8000 	C:\Windows\system32\NSI.dll
0x000007fefaa40000 - 0x000007fefaa7b000 	C:\Windows\system32\WINMM.dll
0x0000000076f30000 - 0x0000000076f37000 	C:\Windows\system32\PSAPI.DLL
0x0000000074820000 - 0x000000007482f000 	C:\Program Files\Java\jre7\bin\verify.dll
0x0000000074110000 - 0x0000000074138000 	C:\Program Files\Java\jre7\bin\java.dll
0x0000000074800000 - 0x0000000074815000 	C:\Program Files\Java\jre7\bin\zip.dll

VM Arguments:
jvm_args: -Dfile.encoding=Cp1252 -Xbootclasspath:C:\Users\Emmanuel\Desktop\adt-bundle-windows-x86_64-20130219\sdk\platforms\android-17\android.jar;C:\Users\Emmanuel\Desktop\adt-bundle-windows-x86_64-20130219\sdk\add-ons\addon-google_apis-google-17\libs\effects.jar;C:\Users\Emmanuel\Desktop\adt-bundle-windows-x86_64-20130219\sdk\add-ons\addon-google_apis-google-17\libs\usb.jar;C:\Users\Emmanuel\Desktop\adt-bundle-windows-x86_64-20130219\sdk\add-ons\addon-google_apis-google-17\libs\maps.jar 
java_command: com.example.testencryption.ServerTest
Launcher Type: SUN_STANDARD

Environment Variables:
PATH=C:\Program Files (x86)\AMD APP\bin\x86_64;C:\Program Files (x86)\AMD APP\bin\x86;C:\Program Files\Common Files\Microsoft Shared\Windows Live;C:\Program Files (x86)\Common Files\Microsoft Shared\Windows Live;C:\Windows\system32;C:\Windows;C:\Windows\System32\Wbem;C:\Windows\System32\WindowsPowerShell\v1.0\;C:\Program Files (x86)\Windows Live\Shared;C:\Program Files (x86)\ATI Technologies\ATI.ACE\Core-Static;C:\Python32;C:\MinGW\bin;C:\Program Files (x86)\Windows Media Player;C:\Users\Emmanuel\Desktop\C;C:\Program Files (x86)\OpenSSH\bin;C:\Python32\Scripts;C:\Users\Emmanuel\AppData\Local\nasm\nasm.exe;C:\Program Files (x86)\GnuWin32\bin;C:\Program Files (x86)\Git\cmd;c:\opt\gtk\bin;C\aliasFiles;C:\Program Files (x86)\Mercurial\;C:\Users\Emmanuel\Desktop\ownUtilities;C:\Python27;
USERNAME=Emmanuel
OS=Windows_NT
PROCESSOR_IDENTIFIER=AMD64 Family 21 Model 16 Stepping 1, AuthenticAMD



---------------  S Y S T E M  ---------------

OS: Windows 7 , 64 bit Build 7601 Service Pack 1

CPU:total 4 (4 cores per cpu, 1 threads per core) family 21 model 16 stepping 1, cmov, cx8, fxsr, mmx, sse, sse2, sse3, ssse3, sse4.1, sse4.2, popcnt, avx, mmxext, 3dnowpref, lzcnt, sse4a, tsc, tscinvbit, tscinv

Memory: 4k page, physical 7832916k(4578816k free), swap 15663972k(11747964k free)

vm_info: Java HotSpot(TM) 64-Bit Server VM (23.3-b01) for windows-amd64 JRE (1.7.0_07-b11), built on Sep  7 2012 01:19:25 by "java_re" with unknown MS VC++:1600

time: Mon Jun 17 00:04:57 2013
elapsed time: 0 seconds

