#
# A fatal error has been detected by the Java Runtime Environment:
#
#  Internal Error (javaClasses.cpp:129), pid=12168, tid=11300
#  fatal error: Invalid layout of preloaded class
#
# JRE version: 7.0_07-b11
# Java VM: Java HotSpot(TM) 64-Bit Server VM (23.3-b01 mixed mode windows-amd64 compressed oops)
# Failed to write core dump. Minidumps are not enabled by default on client versions of Windows
#
# If you would like to submit a bug report, please visit:
#   http://bugreport.sun.com/bugreport/crash.jsp
#

---------------  T H R E A D  ---------------

Current thread (0x00000000003fe800):  JavaThread "Unknown thread" [_thread_in_vm, id=11300, stack(0x0000000002200000,0x0000000002300000)]

Stack: [0x0000000002200000,0x0000000002300000]

---------------  P R O C E S S  ---------------

Java Threads: ( => current thread )

Other Threads:

=>0x00000000003fe800 (exited) JavaThread "Unknown thread" [_thread_in_vm, id=11300, stack(0x0000000002200000,0x0000000002300000)]

VM state:not at safepoint (not fully initialized)

VM Mutex/Monitor currently owned by a thread: None

GC Heap History (0 events):
No events

Deoptimization events (0 events):
No events

Internal exceptions (0 events):
No events

Events (10 events):
Event: 0.056 loading class 0x0000000002135cd0 done
Event: 0.056 loading class 0x00000000020f4550 done
Event: 0.056 loading class 0x00000000020f4520
Event: 0.058 loading class 0x0000000002143dd0
Event: 0.058 loading class 0x0000000002143dd0 done
Event: 0.058 loading class 0x0000000002143e10
Event: 0.058 loading class 0x0000000002143e10 done
Event: 0.058 loading class 0x000000000af6d1a0
Event: 0.059 loading class 0x000000000af6d1a0 done
Event: 0.059 loading class 0x00000000020f4520 done


Dynamic libraries:
0x000000013faf0000 - 0x000000013fb24000 	C:\Program Files\Java\jre7\bin\javaw.exe
0x0000000077410000 - 0x00000000775b9000 	C:\Windows\SYSTEM32\ntdll.dll
0x00000000771f0000 - 0x000000007730f000 	C:\Windows\system32\kernel32.dll
0x000007fefd2e0000 - 0x000007fefd34b000 	C:\Windows\system32\KERNELBASE.dll
0x000007fefeca0000 - 0x000007fefed7b000 	C:\Windows\system32\ADVAPI32.dll
0x000007fefd950000 - 0x000007fefd9ef000 	C:\Windows\system32\msvcrt.dll
0x000007fefdcc0000 - 0x000007fefdcdf000 	C:\Windows\SYSTEM32\sechost.dll
0x000007fefee70000 - 0x000007fefef9d000 	C:\Windows\system32\RPCRT4.dll
0x0000000077310000 - 0x000000007740a000 	C:\Windows\system32\USER32.dll
0x000007feff1d0000 - 0x000007feff237000 	C:\Windows\system32\GDI32.dll
0x000007feff710000 - 0x000007feff71e000 	C:\Windows\system32\LPK.dll
0x000007fefed80000 - 0x000007fefee49000 	C:\Windows\system32\USP10.dll
0x000007fefbdc0000 - 0x000007fefbfb4000 	C:\Windows\WinSxS\amd64_microsoft.windows.common-controls_6595b64144ccf1df_6.0.7601.17514_none_fa396087175ac9ac\COMCTL32.dll
0x000007feff400000 - 0x000007feff471000 	C:\Windows\system32\SHLWAPI.dll
0x000007fefdee0000 - 0x000007fefdf0e000 	C:\Windows\system32\IMM32.DLL
0x000007fefdcf0000 - 0x000007fefddf9000 	C:\Windows\system32\MSCTF.dll
0x0000000060e80000 - 0x0000000060f51000 	C:\Program Files\Java\jre7\bin\msvcr100.dll
0x000000006d7b0000 - 0x000000006decf000 	C:\Program Files\Java\jre7\bin\server\jvm.dll
0x000007fef8730000 - 0x000007fef8739000 	C:\Windows\system32\WSOCK32.dll
0x000007fefda90000 - 0x000007fefdadd000 	C:\Windows\system32\WS2_32.dll
0x000007fefdce0000 - 0x000007fefdce8000 	C:\Windows\system32\NSI.dll
0x000007fefad00000 - 0x000007fefad3b000 	C:\Windows\system32\WINMM.dll
0x00000000775e0000 - 0x00000000775e7000 	C:\Windows\system32\PSAPI.DLL
0x000000006f150000 - 0x000000006f15f000 	C:\Program Files\Java\jre7\bin\verify.dll
0x000000006ef10000 - 0x000000006ef38000 	C:\Program Files\Java\jre7\bin\java.dll
0x000000006ee90000 - 0x000000006eea5000 	C:\Program Files\Java\jre7\bin\zip.dll

VM Arguments:
jvm_args: -Dfile.encoding=Cp1252 -Xbootclasspath:C:\Users\Emmanuel\Desktop\adt-bundle-windows-x86_64-20130219\sdk\platforms\android-18\android.jar;C:\Users\Emmanuel\Desktop\adt-bundle-windows-x86_64-20130219\sdk\add-ons\addon-google_apis-google-18\libs\effects.jar;C:\Users\Emmanuel\Desktop\adt-bundle-windows-x86_64-20130219\sdk\add-ons\addon-google_apis-google-18\libs\usb.jar;C:\Users\Emmanuel\Desktop\adt-bundle-windows-x86_64-20130219\sdk\add-ons\addon-google_apis-google-18\libs\maps.jar 
java_command: com.eceapp.servermanager.CipherAlgo
Launcher Type: SUN_STANDARD

Environment Variables:
PATH=c:\Users\Emmanuel\bin;.;C:\Program Files (x86)\Git\local\bin;C:\Program Files (x86)\Git\mingw\bin;C:\Program Files (x86)\Git\bin;c:\Program Files (x86)\AMD APP\bin\x86_64;c:\Program Files (x86)\AMD APP\bin\x86;c:\Program Files\Common Files\Microsoft Shared\Windows Live;c:\Program Files (x86)\Common Files\Microsoft Shared\Windows Live;c:\Windows\system32;c:\Windows;c:\Windows\System32\Wbem;c:\Windows\System32\WindowsPowerShell\v1.0\;c:\Program Files (x86)\Windows Live\Shared;c:\Program Files (x86)\ATI Technologies\ATI.ACE\Core-Static;c:\Python32;c:\Program Files (x86)\Windows Media Player;c:\Users\Emmanuel\Desktop\C;c:\Program Files (x86)\OpenSSH\bin;c:\Python32\Scripts;c:\Users\Emmanuel\AppData\Local\nasm\nasm.exe;c:\Program Files (x86)\GnuWin32\bin;C:\Program Files (x86)\Git\cmd;c:\opt\gtk\bin;C\aliasFiles;c:\Program Files (x86)\Mercurial\;c:\Qt\Qt5.1.0\5.1.0\msvc2012_64_opengl\bin;c:\Python27;c:\Qt\Qt5.1.0\5.1.0\mingw48_32\bin;c:\Qt\Qt5.1.0\Tools\mingw48_32\bin;.
USERNAME=Emmanuel
OS=Windows_NT
PROCESSOR_IDENTIFIER=AMD64 Family 21 Model 16 Stepping 1, AuthenticAMD



---------------  S Y S T E M  ---------------

OS: Windows 7 , 64 bit Build 7601 Service Pack 1

CPU:total 4 (4 cores per cpu, 1 threads per core) family 21 model 16 stepping 1, cmov, cx8, fxsr, mmx, sse, sse2, sse3, ssse3, sse4.1, sse4.2, popcnt, avx, mmxext, 3dnowpref, lzcnt, sse4a, tsc, tscinvbit, tscinv

Memory: 4k page, physical 7832916k(3631320k free), swap 15663972k(10281432k free)

vm_info: Java HotSpot(TM) 64-Bit Server VM (23.3-b01) for windows-amd64 JRE (1.7.0_07-b11), built on Sep  7 2012 01:19:25 by "java_re" with unknown MS VC++:1600

time: Thu Aug 29 00:08:24 2013
elapsed time: 0 seconds

